c:\oboon2\graphics\dxengine\dxengine06_wvp\debug\vc141.pdb
c:\oboon2\graphics\dxengine\dxengine06_wvp\debug\vc141.idb
c:\oboon2\graphics\dxengine\dxengine06_wvp\debug\vertexshader.obj
c:\oboon2\graphics\dxengine\dxengine06_wvp\debug\shader.obj
c:\oboon2\graphics\dxengine\dxengine06_wvp\debug\pixelshader.obj
c:\oboon2\graphics\dxengine\dxengine06_wvp\debug\mesh.obj
c:\oboon2\graphics\dxengine\dxengine06_wvp\debug\mainapp.obj
c:\oboon2\graphics\dxengine\dxengine06_wvp\debug\engine.obj
c:\oboon2\graphics\dxengine\dxengine06_wvp\debug\dxutil.obj
c:\oboon2\graphics\dxengine\dxengine06_wvp\debug\dxapp.obj
c:\oboon2\graphics\dxengine\dxengine06_wvp\debug\appwindow.obj
c:\oboon2\graphics\dxengine\debug\ps.cso
c:\oboon2\graphics\dxengine\debug\vs.cso
c:\oboon2\graphics\dxengine\debug\dxengine06_wvp.ilk
c:\oboon2\graphics\dxengine\debug\dxengine06_wvp.exe
c:\oboon2\graphics\dxengine\debug\dxengine06_wvp.pdb
c:\oboon2\graphics\dxengine\dxengine06_wvp\debug\dxengine06_wvp.tlog\cl.command.1.tlog
c:\oboon2\graphics\dxengine\dxengine06_wvp\debug\dxengine06_wvp.tlog\cl.read.1.tlog
c:\oboon2\graphics\dxengine\dxengine06_wvp\debug\dxengine06_wvp.tlog\cl.write.1.tlog
c:\oboon2\graphics\dxengine\dxengine06_wvp\debug\dxengine06_wvp.tlog\fxc.command.1.tlog
c:\oboon2\graphics\dxengine\dxengine06_wvp\debug\dxengine06_wvp.tlog\fxc.read.1.tlog
c:\oboon2\graphics\dxengine\dxengine06_wvp\debug\dxengine06_wvp.tlog\fxc.write.1.tlog
c:\oboon2\graphics\dxengine\dxengine06_wvp\debug\dxengine06_wvp.tlog\link.command.1.tlog
c:\oboon2\graphics\dxengine\dxengine06_wvp\debug\dxengine06_wvp.tlog\link.read.1.tlog
c:\oboon2\graphics\dxengine\dxengine06_wvp\debug\dxengine06_wvp.tlog\link.write.1.tlog
