c:\oboon2\graphics\dxengine\dxengine08_fbxloader\debug\vc141.pdb
c:\oboon2\graphics\dxengine\dxengine08_fbxloader\debug\vc141.idb
c:\oboon2\graphics\dxengine\dxengine08_fbxloader\debug\vertexshader.obj
c:\oboon2\graphics\dxengine\dxengine08_fbxloader\debug\texture.obj
c:\oboon2\graphics\dxengine\dxengine08_fbxloader\debug\shader.obj
c:\oboon2\graphics\dxengine\dxengine08_fbxloader\debug\pixelshader.obj
c:\oboon2\graphics\dxengine\dxengine08_fbxloader\debug\mesh.obj
c:\oboon2\graphics\dxengine\dxengine08_fbxloader\debug\mainapp.obj
c:\oboon2\graphics\dxengine\dxengine08_fbxloader\debug\engine.obj
c:\oboon2\graphics\dxengine\dxengine08_fbxloader\debug\dxutil.obj
c:\oboon2\graphics\dxengine\dxengine08_fbxloader\debug\dxapp.obj
c:\oboon2\graphics\dxengine\dxengine08_fbxloader\debug\appwindow.obj
c:\oboon2\graphics\dxengine\dxengine08_fbxloader\debug\fbx_loader.obj
c:\oboon2\graphics\dxengine\dxengine08_fbxloader\debug\vertex.obj
c:\oboon2\graphics\dxengine\debug\ps.cso
c:\oboon2\graphics\dxengine\debug\vs.cso
c:\oboon2\graphics\dxengine\debug\dxengine08_fbxloader.exe
c:\oboon2\graphics\dxengine\debug\dxengine08_fbxloader.ilk
c:\oboon2\graphics\dxengine\debug\dxengine08_fbxloader.pdb
c:\oboon2\graphics\dxengine\dxengine08_fbxloader\debug\dxengine.beaceec2.tlog\cl.command.1.tlog
c:\oboon2\graphics\dxengine\dxengine08_fbxloader\debug\dxengine.beaceec2.tlog\cl.read.1.tlog
c:\oboon2\graphics\dxengine\dxengine08_fbxloader\debug\dxengine.beaceec2.tlog\cl.write.1.tlog
c:\oboon2\graphics\dxengine\dxengine08_fbxloader\debug\dxengine.beaceec2.tlog\fxc.command.1.tlog
c:\oboon2\graphics\dxengine\dxengine08_fbxloader\debug\dxengine.beaceec2.tlog\fxc.read.1.tlog
c:\oboon2\graphics\dxengine\dxengine08_fbxloader\debug\dxengine.beaceec2.tlog\fxc.write.1.tlog
c:\oboon2\graphics\dxengine\dxengine08_fbxloader\debug\dxengine.beaceec2.tlog\link.command.1.tlog
c:\oboon2\graphics\dxengine\dxengine08_fbxloader\debug\dxengine.beaceec2.tlog\link.read.1.tlog
c:\oboon2\graphics\dxengine\dxengine08_fbxloader\debug\dxengine.beaceec2.tlog\link.write.1.tlog
