c:\oboon2\graphics\dxengine\dxengine04_vertexcolor\debug\vc141.pdb
c:\oboon2\graphics\dxengine\dxengine04_vertexcolor\debug\vc141.idb
c:\oboon2\graphics\dxengine\dxengine04_vertexcolor\debug\vertexshader.obj
c:\oboon2\graphics\dxengine\dxengine04_vertexcolor\debug\shader.obj
c:\oboon2\graphics\dxengine\dxengine04_vertexcolor\debug\pixelshader.obj
c:\oboon2\graphics\dxengine\dxengine04_vertexcolor\debug\mesh.obj
c:\oboon2\graphics\dxengine\dxengine04_vertexcolor\debug\mainapp.obj
c:\oboon2\graphics\dxengine\dxengine04_vertexcolor\debug\engine.obj
c:\oboon2\graphics\dxengine\dxengine04_vertexcolor\debug\dxutil.obj
c:\oboon2\graphics\dxengine\dxengine04_vertexcolor\debug\dxapp.obj
c:\oboon2\graphics\dxengine\dxengine04_vertexcolor\debug\appwindow.obj
c:\oboon2\graphics\dxengine\debug\ps.cso
c:\oboon2\graphics\dxengine\debug\vs.cso
c:\oboon2\graphics\dxengine\debug\dxengine04_vertexcolor.ilk
c:\oboon2\graphics\dxengine\debug\dxengine04_vertexcolor.exe
c:\oboon2\graphics\dxengine\debug\dxengine04_vertexcolor.pdb
c:\oboon2\graphics\dxengine\dxengine04_vertexcolor\debug\dxengine.615aca61.tlog\cl.command.1.tlog
c:\oboon2\graphics\dxengine\dxengine04_vertexcolor\debug\dxengine.615aca61.tlog\cl.read.1.tlog
c:\oboon2\graphics\dxengine\dxengine04_vertexcolor\debug\dxengine.615aca61.tlog\cl.write.1.tlog
c:\oboon2\graphics\dxengine\dxengine04_vertexcolor\debug\dxengine.615aca61.tlog\fxc.command.1.tlog
c:\oboon2\graphics\dxengine\dxengine04_vertexcolor\debug\dxengine.615aca61.tlog\fxc.read.1.tlog
c:\oboon2\graphics\dxengine\dxengine04_vertexcolor\debug\dxengine.615aca61.tlog\fxc.write.1.tlog
c:\oboon2\graphics\dxengine\dxengine04_vertexcolor\debug\dxengine.615aca61.tlog\link.command.1.tlog
c:\oboon2\graphics\dxengine\dxengine04_vertexcolor\debug\dxengine.615aca61.tlog\link.read.1.tlog
c:\oboon2\graphics\dxengine\dxengine04_vertexcolor\debug\dxengine.615aca61.tlog\link.write.1.tlog
