c:\oboon2\graphics\dxengine\dxengine16_normalmapping\debug\vc141.pdb
c:\oboon2\graphics\dxengine\dxengine16_normalmapping\debug\vc141.idb
c:\oboon2\graphics\dxengine\dxengine16_normalmapping\debug\fbx_loader.obj
c:\oboon2\graphics\dxengine\dxengine16_normalmapping\debug\vertexshader.obj
c:\oboon2\graphics\dxengine\dxengine16_normalmapping\debug\vertex.obj
c:\oboon2\graphics\dxengine\dxengine16_normalmapping\debug\texture.obj
c:\oboon2\graphics\dxengine\dxengine16_normalmapping\debug\shader.obj
c:\oboon2\graphics\dxengine\dxengine16_normalmapping\debug\pixelshader.obj
c:\oboon2\graphics\dxengine\dxengine16_normalmapping\debug\mesh.obj
c:\oboon2\graphics\dxengine\dxengine16_normalmapping\debug\material.obj
c:\oboon2\graphics\dxengine\dxengine16_normalmapping\debug\mainapp.obj
c:\oboon2\graphics\dxengine\dxengine16_normalmapping\debug\inputclass.obj
c:\oboon2\graphics\dxengine\dxengine16_normalmapping\debug\gametimer.obj
c:\oboon2\graphics\dxengine\dxengine16_normalmapping\debug\engine.obj
c:\oboon2\graphics\dxengine\dxengine16_normalmapping\debug\dxutil.obj
c:\oboon2\graphics\dxengine\dxengine16_normalmapping\debug\dxapp.obj
c:\oboon2\graphics\dxengine\dxengine16_normalmapping\debug\camera.obj
c:\oboon2\graphics\dxengine\dxengine16_normalmapping\debug\appwindow.obj
c:\oboon2\graphics\dxengine\debug\blinnphongps.cso
c:\oboon2\graphics\dxengine\debug\blinnphongvs.cso
c:\oboon2\graphics\dxengine\debug\warpdiffuseps.cso
c:\oboon2\graphics\dxengine\debug\dxengine16_normalmapping.exe
c:\oboon2\graphics\dxengine\debug\dxengine16_normalmapping.ilk
c:\oboon2\graphics\dxengine\debug\dxengine16_normalmapping.pdb
c:\oboon2\graphics\dxengine\dxengine16_normalmapping\debug\dxengine.82df0482.tlog\cl.command.1.tlog
c:\oboon2\graphics\dxengine\dxengine16_normalmapping\debug\dxengine.82df0482.tlog\cl.read.1.tlog
c:\oboon2\graphics\dxengine\dxengine16_normalmapping\debug\dxengine.82df0482.tlog\cl.write.1.tlog
c:\oboon2\graphics\dxengine\dxengine16_normalmapping\debug\dxengine.82df0482.tlog\fxc.command.1.tlog
c:\oboon2\graphics\dxengine\dxengine16_normalmapping\debug\dxengine.82df0482.tlog\fxc.read.1.tlog
c:\oboon2\graphics\dxengine\dxengine16_normalmapping\debug\dxengine.82df0482.tlog\fxc.write.1.tlog
c:\oboon2\graphics\dxengine\dxengine16_normalmapping\debug\dxengine.82df0482.tlog\link.command.1.tlog
c:\oboon2\graphics\dxengine\dxengine16_normalmapping\debug\dxengine.82df0482.tlog\link.read.1.tlog
c:\oboon2\graphics\dxengine\dxengine16_normalmapping\debug\dxengine.82df0482.tlog\link.write.1.tlog
