c:\oboon2\graphics\dxengine\dxengine05_indexbuffer\debug\vc141.pdb
c:\oboon2\graphics\dxengine\dxengine05_indexbuffer\debug\vc141.idb
c:\oboon2\graphics\dxengine\dxengine05_indexbuffer\debug\vertexshader.obj
c:\oboon2\graphics\dxengine\dxengine05_indexbuffer\debug\shader.obj
c:\oboon2\graphics\dxengine\dxengine05_indexbuffer\debug\pixelshader.obj
c:\oboon2\graphics\dxengine\dxengine05_indexbuffer\debug\mesh.obj
c:\oboon2\graphics\dxengine\dxengine05_indexbuffer\debug\mainapp.obj
c:\oboon2\graphics\dxengine\dxengine05_indexbuffer\debug\engine.obj
c:\oboon2\graphics\dxengine\dxengine05_indexbuffer\debug\dxutil.obj
c:\oboon2\graphics\dxengine\dxengine05_indexbuffer\debug\dxapp.obj
c:\oboon2\graphics\dxengine\dxengine05_indexbuffer\debug\appwindow.obj
c:\oboon2\graphics\dxengine\debug\ps.cso
c:\oboon2\graphics\dxengine\debug\vs.cso
c:\oboon2\graphics\dxengine\debug\dxengine05_indexbuffer.ilk
c:\oboon2\graphics\dxengine\debug\dxengine05_indexbuffer.exe
c:\oboon2\graphics\dxengine\debug\dxengine05_indexbuffer.pdb
c:\oboon2\graphics\dxengine\dxengine05_indexbuffer\debug\dxengine.4fadd6c5.tlog\cl.command.1.tlog
c:\oboon2\graphics\dxengine\dxengine05_indexbuffer\debug\dxengine.4fadd6c5.tlog\cl.read.1.tlog
c:\oboon2\graphics\dxengine\dxengine05_indexbuffer\debug\dxengine.4fadd6c5.tlog\cl.write.1.tlog
c:\oboon2\graphics\dxengine\dxengine05_indexbuffer\debug\dxengine.4fadd6c5.tlog\fxc.command.1.tlog
c:\oboon2\graphics\dxengine\dxengine05_indexbuffer\debug\dxengine.4fadd6c5.tlog\fxc.read.1.tlog
c:\oboon2\graphics\dxengine\dxengine05_indexbuffer\debug\dxengine.4fadd6c5.tlog\fxc.write.1.tlog
c:\oboon2\graphics\dxengine\dxengine05_indexbuffer\debug\dxengine.4fadd6c5.tlog\link.command.1.tlog
c:\oboon2\graphics\dxengine\dxengine05_indexbuffer\debug\dxengine.4fadd6c5.tlog\link.read.1.tlog
c:\oboon2\graphics\dxengine\dxengine05_indexbuffer\debug\dxengine.4fadd6c5.tlog\link.write.1.tlog
