c:\oboon2\graphics\dxengine\dxengine14_cameramove\debug\vc141.pdb
c:\oboon2\graphics\dxengine\dxengine14_cameramove\debug\vc141.idb
c:\oboon2\graphics\dxengine\dxengine14_cameramove\debug\fbx_loader.obj
c:\oboon2\graphics\dxengine\dxengine14_cameramove\debug\vertexshader.obj
c:\oboon2\graphics\dxengine\dxengine14_cameramove\debug\vertex.obj
c:\oboon2\graphics\dxengine\dxengine14_cameramove\debug\texture.obj
c:\oboon2\graphics\dxengine\dxengine14_cameramove\debug\shader.obj
c:\oboon2\graphics\dxengine\dxengine14_cameramove\debug\pixelshader.obj
c:\oboon2\graphics\dxengine\dxengine14_cameramove\debug\mesh.obj
c:\oboon2\graphics\dxengine\dxengine14_cameramove\debug\material.obj
c:\oboon2\graphics\dxengine\dxengine14_cameramove\debug\mainapp.obj
c:\oboon2\graphics\dxengine\dxengine14_cameramove\debug\inputclass.obj
c:\oboon2\graphics\dxengine\dxengine14_cameramove\debug\engine.obj
c:\oboon2\graphics\dxengine\dxengine14_cameramove\debug\dxutil.obj
c:\oboon2\graphics\dxengine\dxengine14_cameramove\debug\dxapp.obj
c:\oboon2\graphics\dxengine\dxengine14_cameramove\debug\camera.obj
c:\oboon2\graphics\dxengine\dxengine14_cameramove\debug\appwindow.obj
c:\oboon2\graphics\dxengine\debug\dxengine14_cameramove.exe
c:\oboon2\graphics\dxengine\debug\dxengine14_cameramove.ilk
c:\oboon2\graphics\dxengine\debug\dxengine14_cameramove.pdb
c:\oboon2\graphics\dxengine\dxengine14_cameramove\debug\dxengine.2ad038c8.tlog\cl.command.1.tlog
c:\oboon2\graphics\dxengine\dxengine14_cameramove\debug\dxengine.2ad038c8.tlog\cl.read.1.tlog
c:\oboon2\graphics\dxengine\dxengine14_cameramove\debug\dxengine.2ad038c8.tlog\cl.write.1.tlog
c:\oboon2\graphics\dxengine\dxengine14_cameramove\debug\dxengine.2ad038c8.tlog\link.command.1.tlog
c:\oboon2\graphics\dxengine\dxengine14_cameramove\debug\dxengine.2ad038c8.tlog\link.read.1.tlog
c:\oboon2\graphics\dxengine\dxengine14_cameramove\debug\dxengine.2ad038c8.tlog\link.write.1.tlog
