c:\oboon2\graphics\dxengine\dxengine07_texturemapping\debug\vc141.pdb
c:\oboon2\graphics\dxengine\dxengine07_texturemapping\debug\vc141.idb
c:\oboon2\graphics\dxengine\dxengine07_texturemapping\debug\vertexshader.obj
c:\oboon2\graphics\dxengine\dxengine07_texturemapping\debug\texture.obj
c:\oboon2\graphics\dxengine\dxengine07_texturemapping\debug\shader.obj
c:\oboon2\graphics\dxengine\dxengine07_texturemapping\debug\pixelshader.obj
c:\oboon2\graphics\dxengine\dxengine07_texturemapping\debug\mesh.obj
c:\oboon2\graphics\dxengine\dxengine07_texturemapping\debug\mainapp.obj
c:\oboon2\graphics\dxengine\dxengine07_texturemapping\debug\engine.obj
c:\oboon2\graphics\dxengine\dxengine07_texturemapping\debug\dxutil.obj
c:\oboon2\graphics\dxengine\dxengine07_texturemapping\debug\dxapp.obj
c:\oboon2\graphics\dxengine\dxengine07_texturemapping\debug\appwindow.obj
c:\oboon2\graphics\dxengine\debug\ps.cso
c:\oboon2\graphics\dxengine\debug\vs.cso
c:\oboon2\graphics\dxengine\debug\dxengine07_texturemapping.ilk
c:\oboon2\graphics\dxengine\debug\dxengine07_texturemapping.exe
c:\oboon2\graphics\dxengine\debug\dxengine07_texturemapping.pdb
c:\oboon2\graphics\dxengine\dxengine07_texturemapping\debug\dxengine.cf6b8f1f.tlog\cl.command.1.tlog
c:\oboon2\graphics\dxengine\dxengine07_texturemapping\debug\dxengine.cf6b8f1f.tlog\cl.read.1.tlog
c:\oboon2\graphics\dxengine\dxengine07_texturemapping\debug\dxengine.cf6b8f1f.tlog\cl.write.1.tlog
c:\oboon2\graphics\dxengine\dxengine07_texturemapping\debug\dxengine.cf6b8f1f.tlog\fxc.command.1.tlog
c:\oboon2\graphics\dxengine\dxengine07_texturemapping\debug\dxengine.cf6b8f1f.tlog\fxc.read.1.tlog
c:\oboon2\graphics\dxengine\dxengine07_texturemapping\debug\dxengine.cf6b8f1f.tlog\fxc.write.1.tlog
c:\oboon2\graphics\dxengine\dxengine07_texturemapping\debug\dxengine.cf6b8f1f.tlog\link.command.1.tlog
c:\oboon2\graphics\dxengine\dxengine07_texturemapping\debug\dxengine.cf6b8f1f.tlog\link.read.1.tlog
c:\oboon2\graphics\dxengine\dxengine07_texturemapping\debug\dxengine.cf6b8f1f.tlog\link.write.1.tlog
