c:\oboon2\graphics\dxengine\dxengine03_draw\debug\vc141.pdb
c:\oboon2\graphics\dxengine\dxengine03_draw\debug\vc141.idb
c:\oboon2\graphics\dxengine\dxengine03_draw\debug\mainapp.obj
c:\oboon2\graphics\dxengine\dxengine03_draw\debug\engine.obj
c:\oboon2\graphics\dxengine\dxengine03_draw\debug\dxapp.obj
c:\oboon2\graphics\dxengine\dxengine03_draw\debug\appwindow.obj
c:\oboon2\graphics\dxengine\dxengine03_draw\debug\vertexshader.obj
c:\oboon2\graphics\dxengine\dxengine03_draw\debug\shader.obj
c:\oboon2\graphics\dxengine\dxengine03_draw\debug\pixelshader.obj
c:\oboon2\graphics\dxengine\dxengine03_draw\debug\mesh.obj
c:\oboon2\graphics\dxengine\dxengine03_draw\debug\dxutil.obj
c:\oboon2\graphics\dxengine\debug\dxengine03_draw.exe
c:\oboon2\graphics\dxengine\debug\dxengine03_draw.ilk
c:\oboon2\graphics\dxengine\debug\dxengine03_draw.pdb
c:\oboon2\graphics\dxengine\dxengine03_draw\debug\dxengine03_draw.tlog\cl.command.1.tlog
c:\oboon2\graphics\dxengine\dxengine03_draw\debug\dxengine03_draw.tlog\cl.read.1.tlog
c:\oboon2\graphics\dxengine\dxengine03_draw\debug\dxengine03_draw.tlog\cl.write.1.tlog
c:\oboon2\graphics\dxengine\dxengine03_draw\debug\dxengine03_draw.tlog\link.command.1.tlog
c:\oboon2\graphics\dxengine\dxengine03_draw\debug\dxengine03_draw.tlog\link.read.1.tlog
c:\oboon2\graphics\dxengine\dxengine03_draw\debug\dxengine03_draw.tlog\link.write.1.tlog
