  compilation object save succeeded; see C:\Oboon2\Graphics\DXEngine\Debug\WarpDiffusePS.cso
  compilation object save succeeded; see C:\Oboon2\Graphics\DXEngine\Debug\BlinnPhongPS.cso
  compilation object save succeeded; see C:\Oboon2\Graphics\DXEngine\Debug\BlinnPhongVS.cso
  AppWindow.cpp
  Camera.cpp
  DXApp.cpp
  DXUtil.cpp
  Engine.cpp
  GameTimer.cpp
  InputClass.cpp
c:\oboon2\graphics\dxengine\dxengine15_gametimer\engine\inputclass.cpp(29): warning C4244: '인수': 'int'에서 'float'(으)로 변환하면서 데이터가 손실될 수 있습니다.
  MainApp.cpp
  Material.cpp
  Mesh.cpp
  PixelShader.cpp
  Shader.cpp
  Texture.cpp
  Vertex.cpp
  VertexShader.cpp
  FBX_Loader.cpp
  코드를 생성하고 있습니다...
  DXEngine15_GameTimer.vcxproj -> C:\Oboon2\Graphics\DXEngine\Debug\DXEngine15_GameTimer.exe
