c:\oboon2\graphics\dxengine\dxengine15_gametimer\debug\vc141.pdb
c:\oboon2\graphics\dxengine\dxengine15_gametimer\debug\vc141.idb
c:\oboon2\graphics\dxengine\dxengine15_gametimer\debug\fbx_loader.obj
c:\oboon2\graphics\dxengine\dxengine15_gametimer\debug\vertexshader.obj
c:\oboon2\graphics\dxengine\dxengine15_gametimer\debug\vertex.obj
c:\oboon2\graphics\dxengine\dxengine15_gametimer\debug\texture.obj
c:\oboon2\graphics\dxengine\dxengine15_gametimer\debug\shader.obj
c:\oboon2\graphics\dxengine\dxengine15_gametimer\debug\pixelshader.obj
c:\oboon2\graphics\dxengine\dxengine15_gametimer\debug\mesh.obj
c:\oboon2\graphics\dxengine\dxengine15_gametimer\debug\material.obj
c:\oboon2\graphics\dxengine\dxengine15_gametimer\debug\mainapp.obj
c:\oboon2\graphics\dxengine\dxengine15_gametimer\debug\inputclass.obj
c:\oboon2\graphics\dxengine\dxengine15_gametimer\debug\gametimer.obj
c:\oboon2\graphics\dxengine\dxengine15_gametimer\debug\engine.obj
c:\oboon2\graphics\dxengine\dxengine15_gametimer\debug\dxutil.obj
c:\oboon2\graphics\dxengine\dxengine15_gametimer\debug\dxapp.obj
c:\oboon2\graphics\dxengine\dxengine15_gametimer\debug\camera.obj
c:\oboon2\graphics\dxengine\dxengine15_gametimer\debug\appwindow.obj
c:\oboon2\graphics\dxengine\debug\blinnphongps.cso
c:\oboon2\graphics\dxengine\debug\toon2vs.cso
c:\oboon2\graphics\dxengine\debug\toon2ps.cso
c:\oboon2\graphics\dxengine\debug\blinnphongvs.cso
c:\oboon2\graphics\dxengine\debug\warpdiffuseps.cso
c:\oboon2\graphics\dxengine\debug\dxengine15_gametimer.exe
c:\oboon2\graphics\dxengine\debug\dxengine15_gametimer.ilk
c:\oboon2\graphics\dxengine\debug\dxengine15_gametimer.pdb
c:\oboon2\graphics\dxengine\dxengine15_gametimer\debug\dxengine.0e923557.tlog\cl.command.1.tlog
c:\oboon2\graphics\dxengine\dxengine15_gametimer\debug\dxengine.0e923557.tlog\cl.read.1.tlog
c:\oboon2\graphics\dxengine\dxengine15_gametimer\debug\dxengine.0e923557.tlog\cl.write.1.tlog
c:\oboon2\graphics\dxengine\dxengine15_gametimer\debug\dxengine.0e923557.tlog\fxc.command.1.tlog
c:\oboon2\graphics\dxengine\dxengine15_gametimer\debug\dxengine.0e923557.tlog\fxc.read.1.tlog
c:\oboon2\graphics\dxengine\dxengine15_gametimer\debug\dxengine.0e923557.tlog\fxc.write.1.tlog
c:\oboon2\graphics\dxengine\dxengine15_gametimer\debug\dxengine.0e923557.tlog\link.command.1.tlog
c:\oboon2\graphics\dxengine\dxengine15_gametimer\debug\dxengine.0e923557.tlog\link.read.1.tlog
c:\oboon2\graphics\dxengine\dxengine15_gametimer\debug\dxengine.0e923557.tlog\link.write.1.tlog
