c:\oboon2\graphics\dxengine\dxengine12_material\debug\vc141.pdb
c:\oboon2\graphics\dxengine\dxengine12_material\debug\vc141.idb
c:\oboon2\graphics\dxengine\dxengine12_material\debug\fbx_loader.obj
c:\oboon2\graphics\dxengine\dxengine12_material\debug\vertexshader.obj
c:\oboon2\graphics\dxengine\dxengine12_material\debug\vertex.obj
c:\oboon2\graphics\dxengine\dxengine12_material\debug\texture.obj
c:\oboon2\graphics\dxengine\dxengine12_material\debug\shader.obj
c:\oboon2\graphics\dxengine\dxengine12_material\debug\pixelshader.obj
c:\oboon2\graphics\dxengine\dxengine12_material\debug\mesh.obj
c:\oboon2\graphics\dxengine\dxengine12_material\debug\mainapp.obj
c:\oboon2\graphics\dxengine\dxengine12_material\debug\engine.obj
c:\oboon2\graphics\dxengine\dxengine12_material\debug\dxutil.obj
c:\oboon2\graphics\dxengine\dxengine12_material\debug\dxapp.obj
c:\oboon2\graphics\dxengine\dxengine12_material\debug\appwindow.obj
c:\oboon2\graphics\dxengine\dxengine12_material\debug\material.obj
c:\oboon2\graphics\dxengine\debug\dxengine12_material.exe
c:\oboon2\graphics\dxengine\debug\dxengine12_material.ilk
c:\oboon2\graphics\dxengine\debug\dxengine12_material.pdb
c:\oboon2\graphics\dxengine\dxengine12_material\debug\dxengine.1eb060e6.tlog\cl.command.1.tlog
c:\oboon2\graphics\dxengine\dxengine12_material\debug\dxengine.1eb060e6.tlog\cl.read.1.tlog
c:\oboon2\graphics\dxengine\dxengine12_material\debug\dxengine.1eb060e6.tlog\cl.write.1.tlog
c:\oboon2\graphics\dxengine\dxengine12_material\debug\dxengine.1eb060e6.tlog\link.command.1.tlog
c:\oboon2\graphics\dxengine\dxengine12_material\debug\dxengine.1eb060e6.tlog\link.read.1.tlog
c:\oboon2\graphics\dxengine\dxengine12_material\debug\dxengine.1eb060e6.tlog\link.write.1.tlog
