c:\oboon2\graphics\dxengine\dxengine10_specular\debug\vc141.pdb
c:\oboon2\graphics\dxengine\dxengine10_specular\debug\vc141.idb
c:\oboon2\graphics\dxengine\dxengine10_specular\debug\fbx_loader.obj
c:\oboon2\graphics\dxengine\dxengine10_specular\debug\vertexshader.obj
c:\oboon2\graphics\dxengine\dxengine10_specular\debug\vertex.obj
c:\oboon2\graphics\dxengine\dxengine10_specular\debug\texture.obj
c:\oboon2\graphics\dxengine\dxengine10_specular\debug\shader.obj
c:\oboon2\graphics\dxengine\dxengine10_specular\debug\pixelshader.obj
c:\oboon2\graphics\dxengine\dxengine10_specular\debug\mesh.obj
c:\oboon2\graphics\dxengine\dxengine10_specular\debug\mainapp.obj
c:\oboon2\graphics\dxengine\dxengine10_specular\debug\engine.obj
c:\oboon2\graphics\dxengine\dxengine10_specular\debug\dxutil.obj
c:\oboon2\graphics\dxengine\dxengine10_specular\debug\dxapp.obj
c:\oboon2\graphics\dxengine\dxengine10_specular\debug\appwindow.obj
c:\oboon2\graphics\dxengine\debug\specularvs.cso
c:\oboon2\graphics\dxengine\debug\specularps.cso
c:\oboon2\graphics\dxengine\debug\dxengine10_specular.exe
c:\oboon2\graphics\dxengine\debug\dxengine10_specular.ilk
c:\oboon2\graphics\dxengine\debug\dxengine10_specular.pdb
c:\oboon2\graphics\dxengine\dxengine10_specular\debug\dxengine.a7596599.tlog\cl.command.1.tlog
c:\oboon2\graphics\dxengine\dxengine10_specular\debug\dxengine.a7596599.tlog\cl.read.1.tlog
c:\oboon2\graphics\dxengine\dxengine10_specular\debug\dxengine.a7596599.tlog\cl.write.1.tlog
c:\oboon2\graphics\dxengine\dxengine10_specular\debug\dxengine.a7596599.tlog\fxc.command.1.tlog
c:\oboon2\graphics\dxengine\dxengine10_specular\debug\dxengine.a7596599.tlog\fxc.read.1.tlog
c:\oboon2\graphics\dxengine\dxengine10_specular\debug\dxengine.a7596599.tlog\fxc.write.1.tlog
c:\oboon2\graphics\dxengine\dxengine10_specular\debug\dxengine.a7596599.tlog\link.command.1.tlog
c:\oboon2\graphics\dxengine\dxengine10_specular\debug\dxengine.a7596599.tlog\link.read.1.tlog
c:\oboon2\graphics\dxengine\dxengine10_specular\debug\dxengine.a7596599.tlog\link.write.1.tlog
