c:\oboon2\graphics\dxengine\dxengine09_diffuse\debug\vc141.pdb
c:\oboon2\graphics\dxengine\dxengine09_diffuse\debug\vc141.idb
c:\oboon2\graphics\dxengine\dxengine09_diffuse\debug\vertex.obj
c:\oboon2\graphics\dxengine\dxengine09_diffuse\debug\mesh.obj
c:\oboon2\graphics\dxengine\dxengine09_diffuse\debug\mainapp.obj
c:\oboon2\graphics\dxengine\dxengine09_diffuse\debug\engine.obj
c:\oboon2\graphics\dxengine\dxengine09_diffuse\debug\appwindow.obj
c:\oboon2\graphics\dxengine\dxengine09_diffuse\debug\dxapp.obj
c:\oboon2\graphics\dxengine\dxengine09_diffuse\debug\fbx_loader.obj
c:\oboon2\graphics\dxengine\dxengine09_diffuse\debug\vertexshader.obj
c:\oboon2\graphics\dxengine\dxengine09_diffuse\debug\texture.obj
c:\oboon2\graphics\dxengine\dxengine09_diffuse\debug\shader.obj
c:\oboon2\graphics\dxengine\dxengine09_diffuse\debug\pixelshader.obj
c:\oboon2\graphics\dxengine\dxengine09_diffuse\debug\dxutil.obj
c:\oboon2\graphics\dxengine\debug\ps.cso
c:\oboon2\graphics\dxengine\debug\vs.cso
c:\oboon2\graphics\dxengine\debug\diffusevs.cso
c:\oboon2\graphics\dxengine\debug\diffuseps.cso
c:\oboon2\graphics\dxengine\debug\dxengine09_diffuse.exe
c:\oboon2\graphics\dxengine\debug\dxengine09_diffuse.ilk
c:\oboon2\graphics\dxengine\debug\dxengine09_diffuse.pdb
c:\oboon2\graphics\dxengine\dxengine09_diffuse\debug\dxengine.df526ee1.tlog\cl.command.1.tlog
c:\oboon2\graphics\dxengine\dxengine09_diffuse\debug\dxengine.df526ee1.tlog\cl.read.1.tlog
c:\oboon2\graphics\dxengine\dxengine09_diffuse\debug\dxengine.df526ee1.tlog\cl.write.1.tlog
c:\oboon2\graphics\dxengine\dxengine09_diffuse\debug\dxengine.df526ee1.tlog\fxc.command.1.tlog
c:\oboon2\graphics\dxengine\dxengine09_diffuse\debug\dxengine.df526ee1.tlog\fxc.read.1.tlog
c:\oboon2\graphics\dxengine\dxengine09_diffuse\debug\dxengine.df526ee1.tlog\fxc.write.1.tlog
c:\oboon2\graphics\dxengine\dxengine09_diffuse\debug\dxengine.df526ee1.tlog\link.command.1.tlog
c:\oboon2\graphics\dxengine\dxengine09_diffuse\debug\dxengine.df526ee1.tlog\link.read.1.tlog
c:\oboon2\graphics\dxengine\dxengine09_diffuse\debug\dxengine.df526ee1.tlog\link.write.1.tlog
