c:\oboon2\graphics\dxengine\dxengine13_camera\debug\vc141.pdb
c:\oboon2\graphics\dxengine\dxengine13_camera\debug\vc141.idb
c:\oboon2\graphics\dxengine\dxengine13_camera\debug\fbx_loader.obj
c:\oboon2\graphics\dxengine\dxengine13_camera\debug\vertexshader.obj
c:\oboon2\graphics\dxengine\dxengine13_camera\debug\vertex.obj
c:\oboon2\graphics\dxengine\dxengine13_camera\debug\texture.obj
c:\oboon2\graphics\dxengine\dxengine13_camera\debug\shader.obj
c:\oboon2\graphics\dxengine\dxengine13_camera\debug\pixelshader.obj
c:\oboon2\graphics\dxengine\dxengine13_camera\debug\mesh.obj
c:\oboon2\graphics\dxengine\dxengine13_camera\debug\material.obj
c:\oboon2\graphics\dxengine\dxengine13_camera\debug\mainapp.obj
c:\oboon2\graphics\dxengine\dxengine13_camera\debug\dxutil.obj
c:\oboon2\graphics\dxengine\dxengine13_camera\debug\dxapp.obj
c:\oboon2\graphics\dxengine\dxengine13_camera\debug\appwindow.obj
c:\oboon2\graphics\dxengine\dxengine13_camera\debug\engine.obj
c:\oboon2\graphics\dxengine\dxengine13_camera\debug\camera.obj
c:\oboon2\graphics\dxengine\dxengine13_camera\debug\inputclass.obj
c:\oboon2\graphics\dxengine\debug\dxengine13_camera.exe
c:\oboon2\graphics\dxengine\debug\dxengine13_camera.ilk
c:\oboon2\graphics\dxengine\debug\dxengine13_camera.pdb
c:\oboon2\graphics\dxengine\dxengine13_camera\debug\dxengine.779751b1.tlog\cl.command.1.tlog
c:\oboon2\graphics\dxengine\dxengine13_camera\debug\dxengine.779751b1.tlog\cl.read.1.tlog
c:\oboon2\graphics\dxengine\dxengine13_camera\debug\dxengine.779751b1.tlog\cl.write.1.tlog
c:\oboon2\graphics\dxengine\dxengine13_camera\debug\dxengine.779751b1.tlog\link.command.1.tlog
c:\oboon2\graphics\dxengine\dxengine13_camera\debug\dxengine.779751b1.tlog\link.read.1.tlog
c:\oboon2\graphics\dxengine\dxengine13_camera\debug\dxengine.779751b1.tlog\link.write.1.tlog
