c:\oboon2\graphics\dxengine\dxengine11_toon\debug\vc141.pdb
c:\oboon2\graphics\dxengine\dxengine11_toon\debug\vc141.idb
c:\oboon2\graphics\dxengine\dxengine11_toon\debug\fbx_loader.obj
c:\oboon2\graphics\dxengine\dxengine11_toon\debug\vertexshader.obj
c:\oboon2\graphics\dxengine\dxengine11_toon\debug\vertex.obj
c:\oboon2\graphics\dxengine\dxengine11_toon\debug\texture.obj
c:\oboon2\graphics\dxengine\dxengine11_toon\debug\shader.obj
c:\oboon2\graphics\dxengine\dxengine11_toon\debug\pixelshader.obj
c:\oboon2\graphics\dxengine\dxengine11_toon\debug\mesh.obj
c:\oboon2\graphics\dxengine\dxengine11_toon\debug\mainapp.obj
c:\oboon2\graphics\dxengine\dxengine11_toon\debug\engine.obj
c:\oboon2\graphics\dxengine\dxengine11_toon\debug\dxutil.obj
c:\oboon2\graphics\dxengine\dxengine11_toon\debug\dxapp.obj
c:\oboon2\graphics\dxengine\dxengine11_toon\debug\appwindow.obj
c:\oboon2\graphics\dxengine\debug\specularvs.cso
c:\oboon2\graphics\dxengine\debug\specularps.cso
c:\oboon2\graphics\dxengine\debug\dxengine11_toon.exe
c:\oboon2\graphics\dxengine\debug\dxengine11_toon.ilk
c:\oboon2\graphics\dxengine\debug\dxengine11_toon.pdb
c:\oboon2\graphics\dxengine\dxengine11_toon\debug\dxengine11_toon.tlog\cl.command.1.tlog
c:\oboon2\graphics\dxengine\dxengine11_toon\debug\dxengine11_toon.tlog\cl.read.1.tlog
c:\oboon2\graphics\dxengine\dxengine11_toon\debug\dxengine11_toon.tlog\cl.write.1.tlog
c:\oboon2\graphics\dxengine\dxengine11_toon\debug\dxengine11_toon.tlog\fxc.command.1.tlog
c:\oboon2\graphics\dxengine\dxengine11_toon\debug\dxengine11_toon.tlog\fxc.read.1.tlog
c:\oboon2\graphics\dxengine\dxengine11_toon\debug\dxengine11_toon.tlog\fxc.write.1.tlog
c:\oboon2\graphics\dxengine\dxengine11_toon\debug\dxengine11_toon.tlog\link.command.1.tlog
c:\oboon2\graphics\dxengine\dxengine11_toon\debug\dxengine11_toon.tlog\link.read.1.tlog
c:\oboon2\graphics\dxengine\dxengine11_toon\debug\dxengine11_toon.tlog\link.write.1.tlog
